[    0.000000] Initializing cgroup subsys cpuset
[    0.000000] Initializing cgroup subsys cpu
[    0.000000] Initializing cgroup subsys cpuacct
[    0.000000] Linux version 4.4.0-165-generic (buildd@lgw01-amd64-027) (gcc version 5.4.0 20160609 (Ubuntu 5.4.0-6ubuntu1~16.04.10) ) #193-Ubuntu SMP Tue Sep 17 17:42:52 UTC 2019 (Ubuntu 4.4.0-165.193-generic 4.4.189)
[    0.000000] Command line: BOOT_IMAGE=/boot/vmlinuz-4.4.0-165-generic root=LABEL=cloudimg-rootfs ro console=tty1 console=ttyS0
[    0.000000] KERNEL supported cpus:
[    0.000000]   Intel GenuineIntel
[    0.000000]   AMD AuthenticAMD
[    0.000000]   Centaur CentaurHauls
[    0.000000] x86/fpu: xstate_offset[2]:  576, xstate_sizes[2]:  256
[    0.000000] x86/fpu: Supporting XSAVE feature 0x01: 'x87 floating point registers'
[    0.000000] x86/fpu: Supporting XSAVE feature 0x02: 'SSE registers'
[    0.000000] x86/fpu: Supporting XSAVE feature 0x04: 'AVX registers'
[    0.000000] x86/fpu: Enabled xstate features 0x7, context size is 832 bytes, using 'standard' format.
[    0.000000] e820: BIOS-provided physical RAM map:
[    0.000000] BIOS-e820: [mem 0x0000000000000000-0x000000000009fbff] usable
[    0.000000] BIOS-e820: [mem 0x000000000009fc00-0x000000000009ffff] reserved
[    0.000000] BIOS-e820: [mem 0x00000000000f0000-0x00000000000fffff] reserved
[    0.000000] BIOS-e820: [mem 0x0000000000100000-0x000000001ffeffff] usable
[    0.000000] BIOS-e820: [mem 0x000000001fff0000-0x000000001fffffff] ACPI data
[    0.000000] BIOS-e820: [mem 0x00000000fec00000-0x00000000fec00fff] reserved
[    0.000000] BIOS-e820: [mem 0x00000000fee00000-0x00000000fee00fff] reserved
[    0.000000] BIOS-e820: [mem 0x00000000fffc0000-0x00000000ffffffff] reserved
[    0.000000] NX (Execute Disable) protection: active
[    0.000000] SMBIOS 2.5 present.
[    0.000000] Hypervisor detected: KVM
[    0.000000] e820: last_pfn = 0x1fff0 max_arch_pfn = 0x400000000
[    0.000000] MTRR: Disabled
[    0.000000] x86/PAT: MTRRs disabled, skipping PAT initialization too.
[    0.000000] CPU MTRRs all blank - virtualized system.
[    0.000000] x86/PAT: Configuration [0-7]: WB  WT  UC- UC  WB  WT  UC- UC  
[    0.000000] found SMP MP-table at [mem 0x0009fff0-0x0009ffff] mapped at [ffff88000009fff0]
[    0.000000] Scanning 1 areas for low memory corruption
[    0.000000] RAMDISK: [mem 0x1e8bb000-0x1f735fff]
[    0.000000] ACPI: Early table checksum verification disabled
[    0.000000] ACPI: RSDP 0x00000000000E0000 000024 (v02 VBOX  )
[    0.000000] ACPI: XSDT 0x000000001FFF0030 00003C (v01 VBOX   VBOXXSDT 00000001 ASL  00000061)
[    0.000000] ACPI: FACP 0x000000001FFF00F0 0000F4 (v04 VBOX   VBOXFACP 00000001 ASL  00000061)
[    0.000000] ACPI: DSDT 0x000000001FFF0470 0022EA (v02 VBOX   VBOXBIOS 00000002 INTL 20100528)
[    0.000000] ACPI: FACS 0x000000001FFF0200 000040
[    0.000000] ACPI: FACS 0x000000001FFF0200 000040
[    0.000000] ACPI: APIC 0x000000001FFF0240 00005C (v02 VBOX   VBOXAPIC 00000001 ASL  00000061)
[    0.000000] ACPI: SSDT 0x000000001FFF02A0 0001CC (v01 VBOX   VBOXCPUT 00000002 INTL 20100528)
[    0.000000] No NUMA configuration found
[    0.000000] Faking a node at [mem 0x0000000000000000-0x000000001ffeffff]
[    0.000000] NODE_DATA(0) allocated [mem 0x1ffeb000-0x1ffeffff]
[    0.000000] kvm-clock: Using msrs 4b564d01 and 4b564d00
[    0.000000] kvm-clock: cpu 0, msr 0:1ffe3001, primary cpu clock
[    0.000000] kvm-clock: using sched offset of 4303738217 cycles
[    0.000000] clocksource: kvm-clock: mask: 0xffffffffffffffff max_cycles: 0x1cd42e4dffb, max_idle_ns: 881590591483 ns
[    0.000000] Zone ranges:
[    0.000000]   DMA      [mem 0x0000000000001000-0x0000000000ffffff]
[    0.000000]   DMA32    [mem 0x0000000001000000-0x000000001ffeffff]
[    0.000000]   Normal   empty
[    0.000000]   Device   empty
[    0.000000] Movable zone start for each node
[    0.000000] Early memory node ranges
[    0.000000]   node   0: [mem 0x0000000000001000-0x000000000009efff]
[    0.000000]   node   0: [mem 0x0000000000100000-0x000000001ffeffff]
[    0.000000] Initmem setup node 0 [mem 0x0000000000001000-0x000000001ffeffff]
[    0.000000] ACPI: PM-Timer IO Port: 0x4008
[    0.000000] IOAPIC[0]: apic_id 2, version 32, address 0xfec00000, GSI 0-23
[    0.000000] ACPI: INT_SRC_OVR (bus 0 bus_irq 0 global_irq 2 dfl dfl)
[    0.000000] ACPI: INT_SRC_OVR (bus 0 bus_irq 9 global_irq 9 low level)
[    0.000000] Using ACPI (MADT) for SMP configuration information
[    0.000000] smpboot: Allowing 2 CPUs, 0 hotplug CPUs
[    0.000000] PM: Registered nosave memory: [mem 0x00000000-0x00000fff]
[    0.000000] PM: Registered nosave memory: [mem 0x0009f000-0x0009ffff]
[    0.000000] PM: Registered nosave memory: [mem 0x000a0000-0x000effff]
[    0.000000] PM: Registered nosave memory: [mem 0x000f0000-0x000fffff]
[    0.000000] e820: [mem 0x20000000-0xfebfffff] available for PCI devices
[    0.000000] Booting paravirtualized kernel on KVM
[    0.000000] clocksource: refined-jiffies: mask: 0xffffffff max_cycles: 0xffffffff, max_idle_ns: 7645519600211568 ns
[    0.000000] setup_percpu: NR_CPUS:512 nr_cpumask_bits:512 nr_cpu_ids:2 nr_node_ids:1
[    0.000000] PERCPU: Embedded 34 pages/cpu @ffff88001fc00000 s99544 r8192 d31528 u1048576
[    0.000000] Built 1 zonelists in Node order, mobility grouping on.  Total pages: 128888
[    0.000000] Policy zone: DMA32
[    0.000000] Kernel command line: BOOT_IMAGE=/boot/vmlinuz-4.4.0-165-generic root=LABEL=cloudimg-rootfs ro console=tty1 console=ttyS0
[    0.000000] PID hash table entries: 2048 (order: 2, 16384 bytes)
[    0.000000] Memory: 481652K/523832K available (8621K kernel code, 1335K rwdata, 4032K rodata, 1484K init, 1284K bss, 42180K reserved, 0K cma-reserved)
[    0.000000] SLUB: HWalign=64, Order=0-3, MinObjects=0, CPUs=2, Nodes=1
[    0.000000] Kernel/User page tables isolation: enabled
[    0.000000] Hierarchical RCU implementation.
[    0.000000] 	Build-time adjustment of leaf fanout to 64.
[    0.000000] 	RCU restricting CPUs from NR_CPUS=512 to nr_cpu_ids=2.
[    0.000000] RCU: Adjusting geometry for rcu_fanout_leaf=64, nr_cpu_ids=2
[    0.000000] NR_IRQS:33024 nr_irqs:440 16
[    0.000000] Console: colour VGA+ 80x25
[    0.000000] console [tty1] enabled
[    0.000000] console [ttyS0] enabled
[    0.000000] tsc: Detected 3392.298 MHz processor
[    0.271825] Calibrating delay loop (skipped) preset value.. 6784.59 BogoMIPS (lpj=13569192)
[    0.275029] pid_max: default: 32768 minimum: 301
[    0.276785] ACPI: Core revision 20150930
[    0.281847] ACPI: 2 ACPI AML tables successfully acquired and loaded
[    0.284210] Security Framework initialized
[    0.285772] Yama: becoming mindful.
[    0.287279] AppArmor: AppArmor initialized
[    0.288947] Dentry cache hash table entries: 65536 (order: 7, 524288 bytes)
[    0.291827] Inode-cache hash table entries: 32768 (order: 6, 262144 bytes)
[    0.294200] Mount-cache hash table entries: 1024 (order: 1, 8192 bytes)
[    0.296438] Mountpoint-cache hash table entries: 1024 (order: 1, 8192 bytes)
[    0.299255] Initializing cgroup subsys io
[    0.300821] Initializing cgroup subsys memory
[    0.302515] Initializing cgroup subsys devices
[    0.304132] Initializing cgroup subsys freezer
[    0.305788] Initializing cgroup subsys net_cls
[    0.307631] Initializing cgroup subsys perf_event
[    0.309348] Initializing cgroup subsys net_prio
[    0.311061] Initializing cgroup subsys hugetlb
[    0.312722] Initializing cgroup subsys pids
[    0.314731] mce: CPU supports 0 MCE banks
[    0.316486] Last level iTLB entries: 4KB 512, 2MB 8, 4MB 8
[    0.318414] Last level dTLB entries: 4KB 512, 2MB 32, 4MB 32, 1GB 0
[    0.320672] Spectre V1 : Mitigation: usercopy/swapgs barriers and __user pointer sanitization
[    0.324024] Spectre V2 : Mitigation: Full generic retpoline
[    0.325977] Spectre V2 : Spectre v2 / SpectreRSB mitigation: Filling RSB on context switch
[    0.329055] Speculative Store Bypass: Vulnerable
[    0.330920] MDS: Vulnerable: Clear CPU buffers attempted, no microcode
[    0.338128] Freeing SMP alternatives memory: 36K
[    0.352022] ftrace: allocating 32318 entries in 127 pages
[    0.461753] smpboot: APIC(0) Converting physical 0 to logical package 0
[    0.464616] smpboot: Max logical packages: 1
[    0.467255] x2apic enabled
[    0.469096] Switched APIC routing to physical x2apic.
[    0.473537] ..TIMER: vector=0x30 apic1=0 pin1=2 apic2=-1 pin2=-1
[    0.581848] smpboot: CPU0: Intel(R) Core(TM) i7-3770 CPU @ 3.40GHz (family: 0x6, model: 0x3a, stepping: 0x9)
[    0.585896] Performance Events: unsupported p6 CPU model 58 no PMU driver, software events only.
[    0.603184] KVM setup paravirtual spinlock
[    0.605754] x86: Booting SMP configuration:
[    0.607361] .... node  #0, CPUs:      #1
[    0.608735] kvm-clock: cpu 1, msr 0:1ffe3041, secondary cpu clock
[    0.610630] mce: CPU supports 0 MCE banks
[    0.613469] x86: Booted up 1 node, 2 CPUs
[    0.615834] smpboot: Total of 2 processors activated (13569.19 BogoMIPS)
[    0.620308] devtmpfs: initialized
[    0.632857] evm: security.selinux
[    0.634441] evm: security.SMACK64
[    0.636000] evm: security.SMACK64EXEC
[    0.637607] evm: security.SMACK64TRANSMUTE
[    0.639203] evm: security.SMACK64MMAP
[    0.640659] evm: security.ima
[    0.641950] evm: security.capability
[    0.643723] clocksource: jiffies: mask: 0xffffffff max_cycles: 0xffffffff, max_idle_ns: 7645041785100000 ns
[    0.647363] futex hash table entries: 512 (order: 3, 32768 bytes)
[    0.649776] pinctrl core: initialized pinctrl subsystem
[    0.651978] RTC time:  8:51:44, date: 10/14/19
[    0.653881] NET: Registered protocol family 16
[    0.667736] cpuidle: using governor ladder
[    0.679498] cpuidle: using governor menu
[    0.681504] PCCT header not found.
[    0.683495] ACPI: bus type PCI registered
[    0.685616] acpiphp: ACPI Hot Plug PCI Controller Driver version: 0.5
[    0.688554] PCI: Using configuration type 1 for base access
[    0.703933] ACPI: Added _OSI(Module Device)
[    0.705548] ACPI: Added _OSI(Processor Device)
[    0.707446] ACPI: Added _OSI(3.0 _SCP Extensions)
[    0.709189] ACPI: Added _OSI(Processor Aggregator Device)
[    0.712766] ACPI: Executed 1 blocks of module-level executable AML code
[    0.721382] ACPI: Interpreter enabled
[    0.723066] ACPI: (supports S0 S5)
[    0.724658] ACPI: Using IOAPIC for interrupt routing
[    0.727008] PCI: Using host bridge windows from ACPI; if necessary, use "pci=nocrs" and report a bug
[    0.739059] ACPI: PCI Root Bridge [PCI0] (domain 0000 [bus 00-ff])
[    0.741246] acpi PNP0A03:00: _OSC: OS supports [ASPM ClockPM Segments MSI]
[    0.744320] acpi PNP0A03:00: _OSC: not requesting OS control; OS requires [ExtendedConfig ASPM ClockPM MSI]
[    0.748265] acpi PNP0A03:00: fail to add MMCONFIG information, can't access extended PCI configuration space under this bridge.
[    0.753342] PCI host bridge to bus 0000:00
[    0.755212] pci_bus 0000:00: root bus resource [io  0x0000-0x0cf7 window]
[    0.757676] pci_bus 0000:00: root bus resource [io  0x0d00-0xffff window]
[    0.760092] pci_bus 0000:00: root bus resource [mem 0x000a0000-0x000bffff window]
[    0.763513] pci_bus 0000:00: root bus resource [mem 0x20000000-0xfdffffff window]
[    0.767154] pci_bus 0000:00: root bus resource [bus 00-ff]
[    0.772016] pci 0000:00:01.1: legacy IDE quirk: reg 0x10: [io  0x01f0-0x01f7]
[    0.774386] pci 0000:00:01.1: legacy IDE quirk: reg 0x14: [io  0x03f6]
[    0.776550] pci 0000:00:01.1: legacy IDE quirk: reg 0x18: [io  0x0170-0x0177]
[    0.778965] pci 0000:00:01.1: legacy IDE quirk: reg 0x1c: [io  0x0376]
[    0.818352] pci 0000:00:07.0: quirk: [io  0x4000-0x403f] claimed by PIIX4 ACPI
[    0.821640] pci 0000:00:07.0: quirk: [io  0x4100-0x410f] claimed by PIIX4 SMB
[    0.832182] ACPI: PCI Interrupt Link [LNKA] (IRQs 5 9 10 *11)
[    0.835506] ACPI: PCI Interrupt Link [LNKB] (IRQs 5 9 *10 11)
[    0.838226] ACPI: PCI Interrupt Link [LNKC] (IRQs 5 *9 10 11)
[    0.840874] ACPI: PCI Interrupt Link [LNKD] (IRQs 5 9 10 *11)
[    0.843816] ACPI: Enabled 2 GPEs in block 00 to 07
[    0.846078] vgaarb: setting as boot device: PCI:0000:00:02.0
[    0.848017] vgaarb: device added: PCI:0000:00:02.0,decodes=io+mem,owns=io+mem,locks=none
[    0.851166] vgaarb: loaded
[    0.852409] vgaarb: bridge control possible 0000:00:02.0
[    0.857714] SCSI subsystem initialized
[    0.859540] ACPI: bus type USB registered
[    0.861682] usbcore: registered new interface driver usbfs
[    0.864206] usbcore: registered new interface driver hub
[    0.866563] usbcore: registered new device driver usb
[    0.868911] PCI: Using ACPI for IRQ routing
[    0.870994] NetLabel: Initializing
[    0.872388] NetLabel:  domain hash size = 128
[    0.874044] NetLabel:  protocols = UNLABELED CIPSOv4
[    0.875946] NetLabel:  unlabeled traffic allowed by default
[    0.878054] amd_nb: Cannot enumerate AMD northbridges
[    0.880201] clocksource: Switched to clocksource kvm-clock
[    0.897977] AppArmor: AppArmor Filesystem Enabled
[    0.900120] pnp: PnP ACPI init
[    0.902972] pnp: PnP ACPI: found 3 devices
[    0.914831] clocksource: acpi_pm: mask: 0xffffff max_cycles: 0xffffff, max_idle_ns: 2085701024 ns
[    0.918505] NET: Registered protocol family 2
[    0.920399] TCP established hash table entries: 4096 (order: 3, 32768 bytes)
[    0.922800] TCP bind hash table entries: 4096 (order: 4, 65536 bytes)
[    0.924935] TCP: Hash tables configured (established 4096 bind 4096)
[    0.927633] UDP hash table entries: 256 (order: 1, 8192 bytes)
[    0.930011] UDP-Lite hash table entries: 256 (order: 1, 8192 bytes)
[    0.933046] NET: Registered protocol family 1
[    0.934945] pci 0000:00:00.0: Limiting direct PCI/PCI transfers
[    0.937223] pci 0000:00:01.0: Activating ISA DMA hang workarounds
[    0.942044] Unpacking initramfs...
[    1.368125] Freeing initrd memory: 14828K
[    1.370020] RAPL PMU detected, API unit is 2^-32 Joules, 3 fixed counters 10737418240 ms ovfl timer
[    1.373419] hw unit of domain pp0-core 2^-0 Joules
[    1.375239] hw unit of domain package 2^-0 Joules
[    1.376962] hw unit of domain pp1-gpu 2^-0 Joules
[    1.378988] clocksource: tsc: mask: 0xffffffffffffffff max_cycles: 0x30e5e2d5c4b, max_idle_ns: 440795326628 ns
[    1.382605] platform rtc_cmos: registered platform RTC device (no PNP device found)
[    1.385771] Scanning for low memory corruption every 60 seconds
[    1.388134] audit: initializing netlink subsys (disabled)
[    1.390292] audit: type=2000 audit(1571043110.769:1): initialized
[    1.392740] Initialise system trusted keyring
[    1.394794] HugeTLB registered 2 MB page size, pre-allocated 0 pages
[    1.399971] zbud: loaded
[    1.401634] VFS: Disk quotas dquot_6.6.0
[    1.403382] VFS: Dquot-cache hash table entries: 512 (order 0, 4096 bytes)
[    1.406219] squashfs: version 4.0 (2009/01/31) Phillip Lougher
[    1.408680] fuse init (API version 7.23)
[    1.410379] Key type big_key registered
[    1.411886] Allocating IMA MOK and blacklist keyrings.
[    1.415573] Key type asymmetric registered
[    1.417161] Asymmetric key parser 'x509' registered
[    1.418953] Block layer SCSI generic (bsg) driver version 0.4 loaded (major 249)
[    1.421812] io scheduler noop registered
[    1.423451] io scheduler deadline registered (default)
[    1.425369] io scheduler cfq registered
[    1.427016] pci_hotplug: PCI Hot Plug PCI Core version: 0.5
[    1.428966] pciehp: PCI Express Hot Plug Controller Driver version: 0.4
[    1.431475] ACPI: AC Adapter [AC] (on-line)
[    1.433152] input: Power Button as /devices/LNXSYSTM:00/LNXPWRBN:00/input/input0
[    1.435958] ACPI: Power Button [PWRF]
[    1.437644] input: Sleep Button as /devices/LNXSYSTM:00/LNXSLPBN:00/input/input1
[    1.440470] ACPI: Sleep Button [SLPF]
[    1.442354] GHES: HEST is not enabled!
[    1.443914] Serial: 8250/16550 driver, 32 ports, IRQ sharing enabled
[    1.467280] 00:02: ttyS0 at I/O 0x3f8 (irq = 4, base_baud = 115200) is a 16550A
[    1.472448] Linux agpgart interface v0.103
[    1.475947] loop: module loaded
[    1.478457] scsi host0: ata_piix
[    1.480236] scsi host1: ata_piix
[    1.481711] ata1: PATA max UDMA/33 cmd 0x1f0 ctl 0x3f6 bmdma 0xd000 irq 14
[    1.483951] ata2: PATA max UDMA/33 cmd 0x170 ctl 0x376 bmdma 0xd008 irq 15
[    1.486460] libphy: Fixed MDIO Bus: probed
[    1.488194] tun: Universal TUN/TAP device driver, 1.6
[    1.490173] tun: (C) 1999-2004 Max Krasnyansky <maxk@qualcomm.com>
[    1.492485] PPP generic driver version 2.4.2
[    1.494330] ehci_hcd: USB 2.0 'Enhanced' Host Controller (EHCI) Driver
[    1.496452] ehci-pci: EHCI PCI platform driver
[    1.498122] ehci-platform: EHCI generic platform driver
[    1.499925] ohci_hcd: USB 1.1 'Open' Host Controller (OHCI) Driver
[    1.502032] ohci-pci: OHCI PCI platform driver
[    1.503672] ohci-platform: OHCI generic platform driver
[    1.505525] uhci_hcd: USB Universal Host Controller Interface driver
[    1.507652] i8042: PNP: PS/2 Controller [PNP0303:PS2K,PNP0f03:PS2M] at 0x60,0x64 irq 1,12
[    1.511519] serio: i8042 KBD port at 0x60,0x64 irq 1
[    1.513309] serio: i8042 AUX port at 0x60,0x64 irq 12
[    1.515248] mousedev: PS/2 mouse device common for all mice
[    1.517904] rtc_cmos rtc_cmos: rtc core: registered rtc_cmos as rtc0
[    1.520222] input: AT Translated Set 2 keyboard as /devices/platform/i8042/serio0/input/input2
[    1.523462] rtc_cmos rtc_cmos: alarms up to one day, 114 bytes nvram
[    1.525735] i2c /dev entries driver
[    1.527202] device-mapper: uevent: version 1.0.3
[    1.529145] device-mapper: ioctl: 4.34.0-ioctl (2015-10-28) initialised: dm-devel@redhat.com
[    1.532360] ledtrig-cpu: registered to indicate activity on CPUs
[    1.534826] NET: Registered protocol family 10
[    1.536705] NET: Registered protocol family 17
[    1.538328] Key type dns_resolver registered
[    1.540286] registered taskstats version 1
[    1.541917] Loading compiled-in X.509 certificates
[    1.544413] Loaded X.509 cert 'Build time autogenerated kernel key: 0ed82eac04367aa6426493b1389455ebf6830eaa'
[    1.547928] zswap: loaded using pool lzo/zbud
[    1.552139] Key type trusted registered
[    1.558199] Key type encrypted registered
[    1.559812] AppArmor: AppArmor sha1 policy hashing enabled
[    1.561796] ima: No TPM chip found, activating TPM-bypass!
[    1.563725] ima: Allocated hash algorithm: sha1
[    1.565497] evm: HMAC attrs: 0x1
[    1.567397]   Magic number: 7:263:877
[    1.568980] rtc_cmos rtc_cmos: setting system clock to 2019-10-14 08:51:45 UTC (1571043105)
[    1.572284] BIOS EDD facility v0.16 2004-Jun-25, 0 devices found
[    1.574400] EDD information not available.
[    1.658201] Freeing unused kernel memory: 1484K
[    1.662294] Write protecting the kernel read-only data: 14336k
[    1.669007] Freeing unused kernel memory: 1608K
[    1.673719] Freeing unused kernel memory: 64K
Loading, please wait...
starting version 229
[    1.719519] random: systemd-udevd: uninitialized urandom read (16 bytes read, 2 bits of entropy available)
[    1.721770] random: udevadm: uninitialized urandom read (16 bytes read, 2 bits of entropy available)
[    1.721821] random: udevadm: uninitialized urandom read (16 bytes read, 2 bits of entropy available)
[    1.738206] random: systemd-udevd: uninitialized urandom read (16 bytes read, 2 bits of entropy available)
[    1.743548] random: systemd-udevd: uninitialized urandom read (16 bytes read, 2 bits of entropy available)
[    1.745202] random: udevadm: uninitialized urandom read (16 bytes read, 2 bits of entropy available)
[    1.745283] random: udevadm: uninitialized urandom read (16 bytes read, 2 bits of entropy available)
[    1.745608] random: udevadm: uninitialized urandom read (16 bytes read, 2 bits of entropy available)
[    1.745716] random: udevadm: uninitialized urandom read (16 bytes read, 2 bits of entropy available)
[    1.745830] random: udevadm: uninitialized urandom read (16 bytes read, 2 bits of entropy available)
[    1.820616] e1000: Intel(R) PRO/1000 Network Driver - version 7.3.21-k8-NAPI
[    1.823121] e1000: Copyright (c) 1999-2006 Intel Corporation.
[    1.828376] Fusion MPT base driver 3.04.20
[    1.830205] Copyright (c) 1999-2008 LSI Corporation
[    1.840903] Fusion MPT SPI Host driver 3.04.20
[    1.859680] AVX version of gcm_enc/dec engaged.
[    1.861494] AES CTR mode by8 optimization enabled
[    2.040656] input: ImExPS/2 Generic Explorer Mouse as /devices/platform/i8042/serio1/input/input4
[    2.287340] e1000 0000:00:03.0 eth0: (PCI:33MHz:32-bit) 02:a6:4f:fa:c8:d6
[    2.292730] e1000 0000:00:03.0 eth0: Intel(R) PRO/1000 Network Connection
[    2.298410] mptbase: ioc0: Initiating bringup
[    2.425682] ioc0: LSI53C1030 A0: Capabilities={Initiator}
[    3.383276] scsi host2: ioc0: LSI53C1030 A0, FwRev=00000000h, Ports=1, MaxQ=256, IRQ=20
[    4.417035] scsi 2:0:0:0: Direct-Access     VBOX     HARDDISK         1.0  PQ: 0 ANSI: 5
[    4.420115] scsi target2:0:0: Beginning Domain Validation
[    4.425446] scsi target2:0:0: Domain Validation skipping write tests
[    4.427615] scsi target2:0:0: Ending Domain Validation
[    4.429667] scsi target2:0:0: asynchronous
[    4.432071] scsi 2:0:1:0: Direct-Access     VBOX     HARDDISK         1.0  PQ: 0 ANSI: 5
[    4.435263] scsi target2:0:1: Beginning Domain Validation
[    4.463007] scsi target2:0:1: Domain Validation skipping write tests
[    4.465218] scsi target2:0:1: Ending Domain Validation
[    4.467158] scsi target2:0:1: asynchronous
[    4.489347] sd 2:0:0:0: Attached scsi generic sg0 type 0
[    4.491404] sd 2:0:0:0: [sda] 20971520 512-byte logical blocks: (10.7 GB/10.0 GiB)
[    4.495308] sd 2:0:1:0: Attached scsi generic sg1 type 0
[    4.497899] sd 2:0:0:0: [sda] Write Protect is off
[    4.499784] sd 2:0:1:0: [sdb] 20480 512-byte logical blocks: (10.5 MB/10.0 MiB)
[    4.510891] sd 2:0:0:0: [sda] Incomplete mode parameter data
[    4.512946] sd 2:0:0:0: [sda] Assuming drive cache: write through
[    4.515587] sd 2:0:1:0: [sdb] Write Protect is off
[    4.517959] sd 2:0:1:0: [sdb] Incomplete mode parameter data
[    4.520170] sd 2:0:1:0: [sdb] Assuming drive cache: write through
[    4.523388]  sda: sda1
[    4.525880] sd 2:0:0:0: [sda] Attached SCSI disk
[    4.543128] sd 2:0:1:0: [sdb] Attached SCSI disk
[    4.876290] e1000 0000:00:08.0 eth1: (PCI:33MHz:32-bit) 08:00:27:6c:62:e8
[    4.878666] e1000 0000:00:08.0 eth1: Intel(R) PRO/1000 Network Connection
[    4.882239] e1000 0000:00:03.0 enp0s3: renamed from eth0
[    4.897393] e1000 0000:00:08.0 enp0s8: renamed from eth1
Begin: Loading essential drivers ... [    6.710900] md: linear personality registered for level -1
[    6.716399] md: multipath personality registered for level -4
[    6.721414] md: raid0 personality registered for level 0
[    6.728344] md: raid1 personality registered for level 1
[    6.800583] raid6: sse2x1   gen()  2799 MB/s
[    6.868432] raid6: sse2x1   xor()  1858 MB/s
[    6.936259] raid6: sse2x2   gen()  5092 MB/s
[    7.004621] raid6: sse2x2   xor()  3485 MB/s
[    7.072477] raid6: sse2x4   gen()  8118 MB/s
[    7.140317] raid6: sse2x4   xor()  4472 MB/s
[    7.142049] raid6: using algorithm sse2x4 gen() 8118 MB/s
[    7.143979] raid6: .... xor() 4472 MB/s, rmw enabled
[    7.145994] raid6: using ssse3x2 recovery algorithm
[    7.149221] xor: automatically using best checksumming function:
[    7.188655]    avx       : 18463.000 MB/sec
[    7.191847] async_tx: api initialized (async)
[    7.206499] md: raid6 personality registered for level 6
[    7.208552] md: raid5 personality registered for level 5
[    7.210455] md: raid4 personality registered for level 4
[    7.220967] md: raid10 personality registered for level 10
done.
Begin: Running /scripts/init-premount ... done.
Begin: Mounting root file system ... Begin: Running /scripts/local-top ... done.
Begin: Running /scripts/local-premount ... [    7.272770] Btrfs loaded
Scanning for Btrfs filesystems
done.
Warning: fsck not present, so skipping root file system
[    7.338168] EXT4-fs (sda1): mounted filesystem with ordered data mode. Opts: (null)
done.
Begin: Running /scripts/local-bottom ... done.
Begin: Running /scripts/init-bottom ... done.
[    7.759699] systemd[1]: systemd 229 running in system mode. (+PAM +AUDIT +SELINUX +IMA +APPARMOR +SMACK +SYSVINIT +UTMP +LIBCRYPTSETUP +GCRYPT +GNUTLS +ACL +XZ -LZ4 +SECCOMP +BLKID +ELFUTILS +KMOD -IDN)
[    7.768297] systemd[1]: Detected virtualization oracle.
[    7.770778] systemd[1]: Detected architecture x86-64.

Welcome to [1mUbuntu 16.04.6 LTS[0m!

[    7.801993] systemd[1]: Set hostname to <ubuntu>.
[    7.838358] systemd[1]: Initializing machine ID from random generator.
[    7.840834] systemd[1]: Installed transient /etc/machine-id file.
[    8.334428] systemd[1]: Started Forward Password Requests to Wall Directory Watch.
[[0;32m  OK  [0m] Started Forward Password Requests to Wall Directory Watch.
[    8.338828] systemd[1]: Reached target User and Group Name Lookups.
[[0;32m  OK  [0m] Reached target User and Group Name Lookups.
[    8.342160] systemd[1]: Listening on Journal Socket (/dev/log).
[[0;32m  OK  [0m] Listening on Journal Socket (/dev/log).
[    8.345677] systemd[1]: Listening on Syslog Socket.
[[0;32m  OK  [0m] Listening on Syslog Socket.
[    8.357567] systemd[1]: Created slice User and Session Slice.
[[0;32m  OK  [0m] Created slice User and Session Slice.
[    8.368934] systemd[1]: Reached target Swap.
[[0;32m  OK  [0m] Reached target Swap.
[    8.371581] systemd[1]: Listening on udev Kernel Socket.
[[0;32m  OK  [0m] Listening on udev Kernel Socket.
[    8.374801] systemd[1]: Set up automount Arbitrary Executable File Formats File System Automount Point.
[[0;32m  OK  [0m] Set up automount Arbitrary Executab...ats File System Automount Point.
[    8.379850] systemd[1]: Listening on LVM2 poll daemon socket.
[[0;32m  OK  [0m] Listening on LVM2 poll daemon socket.
[    8.388588] systemd[1]: Listening on Device-mapper event daemon FIFOs.
[[0;32m  OK  [0m] Listening on Device-mapper event daemon FIFOs.
[    8.392097] systemd[1]: Listening on udev Control Socket.
[[0;32m  OK  [0m] Listening on udev Control Socket.
[    8.400452] systemd[1]: Listening on Journal Audit Socket.
[[0;32m  OK  [0m] Listening on Journal Audit Socket.
[    8.403546] systemd[1]: Started Trigger resolvconf update for networkd DNS.
[[0;32m  OK  [0m] Started Trigger resolvconf update for networkd DNS.
[    8.407766] systemd[1]: Created slice System Slice.
[[0;32m  OK  [0m] Created slice System Slice.
[    8.410639] systemd[1]: Reached target Slices.
[[0;32m  OK  [0m] Reached target Slices.
[    8.413848] systemd[1]: Created slice system-serial\x2dgetty.slice.
[[0;32m  OK  [0m] Created slice system-serial\x2dgetty.slice.
[    8.417237] systemd[1]: Reached target Encrypted Volumes.
[[0;32m  OK  [0m] Reached target Encrypted Volumes.
[    8.429400] systemd[1]: Listening on /dev/initctl Compatibility Named Pipe.
[[0;32m  OK  [0m] Listening on /dev/initctl Compatibility Named Pipe.
[    8.433170] systemd[1]: Listening on LVM2 metadata daemon socket.
[[0;32m  OK  [0m] Listening on LVM2 metadata daemon socket.
[    8.436281] systemd[1]: Reached target System Time Synchronized.
[[0;32m  OK  [0m] Reached target System Time Synchronized.
[    8.439830] systemd[1]: Listening on Journal Socket.
[[0;32m  OK  [0m] Listening on Journal Socket.
[    8.460459] systemd[1]: Mounting Huge Pages File System...
         Mounting Huge Pages File System...
[    8.476614] random: nonblocking pool is initialized
[    8.500957] systemd[1]: Starting Remount Root and Kernel File Systems...
         Starting Remount Root and Kernel File Systems...
[    8.505408] systemd[1]: Mounting Debug File System...
         Mounting Debug File System...
[    8.509128] systemd[1]: Mounting POSIX Message Queue File System...
         Mounting POSIX Message Queue File System...
[    8.513375] systemd[1]: Starting Nameserver information manager...
[    8.515700] EXT4-fs (sda1): re-mounted. Opts: (null)
         Starting Nameserver information manager...
[    8.519285] systemd[1]: Starting Set console keymap...
         Starting Set console keymap...
[    8.523084] systemd[1]: Starting Uncomplicated firewall...
         Starting Uncomplicated firewall...
[    8.526916] systemd[1]: Starting Monitoring of LVM2 mirrors, snapshots etc. using dmeventd or progress polling...
         Starting Monitoring of LVM2 mirrors... dmeventd or progress polling...
[    8.533203] systemd[1]: Starting Create list of required static device nodes for the current kernel...
         Starting Create list of required st... nodes for the current kernel...
[    8.539015] systemd[1]: Starting Journal Service...
         Starting Journal Service...
[    8.589312] systemd[1]: Starting Load Kernel Modules...
         Starting Load Kernel Modules...
[    8.599849] systemd[1]: Mounted Debug File System.
[[0;32m  OK  [0m] Mounted Debug File System.
[    8.602913] systemd[1]: Mounted Huge Pages File System.
[[0;32m  OK  [0m] Mounted Huge Pages File System.
[    8.605900] systemd[1]: Mounted POSIX Message Queue File System.
[[0;32m  OK  [0m] Mounted POSIX Message Queue File System.
[    8.617405] systemd[1]: Started Remount Root and Kernel File Systems.
[[0;32m  OK  [0m] Started Remount Root and Kernel File Systems.
[    8.629351] systemd[1]: Started Uncomplicated firewall.
[[0;32m  OK  [0m] Started Uncomplicated firewall.
[    8.633410] systemd[1]: Started Create list of required static device nodes for the current kernel.
[[0;32m  OK  [0m] Started Create list of required sta...ce nodes for the current kernel.
[    8.680738] systemd[1]: Started Nameserver information manager.
[[0;32m  OK  [0m] Started Nameserver information manager.
[    8.715382] Loading iSCSI transport class v2.0-870.
[    8.752429] systemd[1]: Starting Create Static Device Nodes in /dev...
         Starting Create Static Device Nodes in /dev...
[    8.757022] systemd[1]: Starting Load/Save Random Seed...
         Starting Load/Save Random Seed...
[    8.782906] systemd[1]: Starting udev Coldplug all Devices...
         Starting udev Coldplug all Devices...
[    8.786366] systemd[1]: Started Journal Service.
[[0;32m  OK  [0m] Started Journal Service.
[
   8.789326] iscsi: registered transport (tcp)
[[0;32m  OK  [0m] Started Set console keymap.
[[0;32m  OK  [0m] Started LVM2 metadata daemon.
         Starting Flush Journal to Persistent Storage...
[[0;32m  OK  [0m] Started Load/Save Random Seed.
[[0;32m  OK  [0m] Started udev Coldplug all Devices.
[    8.939508] systemd-journald[388]: Received request to flush runtime journal from PID 1
[[0;32m  OK  [0m] Started Flush Journal to Persistent Storage.
[    9.021214] iscsi: registered transport (iser)
[[0;32m  OK  [0m] Started Load Kernel Modules.
         Mounting FUSE Control File System...
         Starting Apply Kernel Variables...
[[0;32m  OK  [0m] Mounted FUSE Control File System.
[[0;32m  OK  [0m] Started Monitoring of LVM2 mirrors,...ng dmeventd or progress polling.
[[0;32m  OK  [0m] Started Create Static Device Nodes in /dev.
         Starting udev Kernel Device Manager...
[[0;32m  OK  [0m] Reached target Local File Systems (Pre).
[[0;32m  OK  [0m] Reached target Local File Systems.
         Starting Commit a transient machine-id on disk...
         Starting Initial cloud-init job (pre-networking)...
         Starting LSB: AppArmor initialization...
         Starting Set console font and keymap...
         Starting Tell Plymouth To Write Out Runtime Data...
         Starting Create Volatile Files and Directories...
[[0;32m  OK  [0m] Started Apply Kernel Variables.
[[0;32m  OK  [0m] Started Commit a transient machine-id on disk.
[[0;32m  OK  [0m] Started Create Volatile Files and Directories.
         Starting Update UTMP about System Boot/Shutdown...
[[0;32m  OK  [0m] Started Tell Plymouth To Write Out Runtime Data.
[[0;32m  OK  [0m] Started Update UTMP about System Boot/Shutdown.
[[0;32m  OK  [0m] Started udev Kernel Device Manager.
[[0;32m  OK  [0m] Started Dispatch Password Requests to Console Directory Watch.
[[0;32m  OK  [0m] Found device /dev/ttyS0.
[[0;32m  OK  [0m] Listening on Load/Save RF Kill Switch Status /dev/rfkill Watch.
[   12.424152] cloud-init[467]: Cloud-init v. 19.2-36-g059d049c-0ubuntu2~16.04.1 running 'init-local' at Mon, 14 Oct 2019 08:51:56 +0000. Up 11.73 seconds.
[[0;32m  OK  [0m] Started Initial cloud-init job (pre-networking).
[[0;32m  OK  [0m] Reached target Network (Pre).
[[0;32m  OK  [0m] Started LSB: AppArmor initialization.
         Starting Raise network interfaces...
[[0;32m  OK  [0m] Started Set console font and keymap.
[[0;32m  OK  [0m] Created slice system-getty.slice.
[[0;32m  OK  [0m] Started Raise network interfaces.
         Starting Initial cloud-init job (metadata service crawler)...
[[0;32m  OK  [0m] Reached target Network.
[   15.744298] cloud-init[964]: Cloud-init v. 19.2-36-g059d049c-0ubuntu2~16.04.1 running 'init' at Mon, 14 Oct 2019 08:51:58 +0000. Up 14.07 seconds.
[   15.746743] cloud-init[964]: ci-info: ++++++++++++++++++++++++++++++++++++++Net device info+++++++++++++++++++++++++++++++++++++++
[   15.748849] cloud-init[964]: ci-info: +--------+-------+----------------------------+---------------+--------+-------------------+
[   15.750818] cloud-init[964]: ci-info: | Device |   Up  |          Address           |      Mask     | Scope  |     Hw-Address    |
[   15.752773] cloud-init[964]: ci-info: +--------+-------+----------------------------+---------------+--------+-------------------+
[   15.754740] cloud-init[964]: ci-info: | enp0s3 |  True |         10.0.2.15          | 255.255.255.0 | global | 02:a6:4f:fa:c8:d6 |
[   15.757040] cloud-init[964]: ci-info: | enp0s3 |  True | fe80::a6:4fff:fefa:c8d6/64 |       .       |  link  | 02:a6:4f:fa:c8:d6 |
[   15.759194] cloud-init[964]: ci-info: | enp0s8 | False |             .              |       .       |   .    | 08:00:27:6c:62:e8 |
[   15.761294] cloud-init[964]: ci-info: |   lo   |  True |         127.0.0.1          |   255.0.0.0   |  host  |         .         |
[   15.763333] cloud-init[964]: ci-info: |   lo   |  True |          ::1/128           |       .       |  host  |         .         |
[   15.772554] cloud-init[964]: ci-info: +--------+-------+----------------------------+---------------+--------+-------------------+
[   15.774764] cloud-init[964]: ci-info: +++++++++++++++++++++++++++Route IPv4 info++++++++++++++++++++++++++++
[   15.776557] cloud-init[964]: ci-info: +-------+-------------+----------+---------------+-----------+-------+
[   15.784485] cloud-init[964]: ci-info: | Route | Destination | Gateway  |    Genmask    | Interface | Flags |
[   15.792475] cloud-init[964]: ci-info: +-------+-------------+----------+---------------+-----------+-------+
[   15.800828] cloud-init[964]: ci-info: |   0   |   0.0.0.0   | 10.0.2.2 |    0.0.0.0    |   enp0s3  |   UG  |
[   15.808616] cloud-init[964]: ci-info: |   1   |   10.0.2.0  | 0.0.0.0  | 255.255.255.0 |   enp0s3  |   U   |
[   15.810406] cloud-init[964]: ci-info: +-------+-------------+----------+---------------+-----------+-------+
[   15.812314] cloud-init[964]: ci-info: +++++++++++++++++++Route IPv6 info+++++++++++++++++++
[   15.814029] cloud-init[964]: ci-info: +-------+-------------+---------+-----------+-------+
[   15.815662] cloud-init[964]: ci-info: | Route | Destination | Gateway | Interface | Flags |
[   15.817599] cloud-init[964]: ci-info: +-------+-------------+---------+-----------+-------+
[   15.819542] cloud-init[964]: ci-info: |   0   |  fe80::/64  |    ::   |   enp0s3  |   U   |
[   15.819883] cloud-init[964]: ci-info: |   3   |   ff00::/8  |    ::   |   enp0s3  |   U   |
[   15.820615] cloud-init[964]: ci-info: +-------+-------------+---------+-----------+-------+
[   15.821360] cloud-init[964]: Generating public/private rsa key pair.
[   15.821843] cloud-init[964]: Your identification has been saved in /etc/ssh/ssh_host_rsa_key.
[   15.822352] cloud-init[964]: Your public key has been saved in /etc/ssh/ssh_host_rsa_key.pub.
[   15.823283] cloud-init[964]: The key fingerprint is:
[   15.823926] cloud-init[964]: SHA256:znb5i3pEAVvrU9P8x7/rQPVSmxY2XF41jHYFiYykh+g root@ubuntu-xenial
[   15.824672] cloud-init[964]: The key's randomart image is:
[   15.825077] cloud-init[964]: +---[RSA 2048]----+
[   15.825516] cloud-init[964]: |        .ooo .++B|
[   15.825924] cloud-init[964]: |       . =o.o=o++|
[   15.826379] cloud-init[964]: |      . + o.+ +*o|
[   15.826765] cloud-init[964]: |     .   o.. .o+*|
[   15.827184] cloud-init[964]: |      E S.o  ..+=|
[   15.827623] cloud-init[964]: |       o  .o. ..o|
[   15.828069] cloud-init[964]: |        +.o  .  .|
[   15.828475] cloud-init[964]: |       . ..o  . .|
[   15.828882] cloud-init[964]: |        .o. o..+.|
[   15.829784] cloud-init[964]: +----[SHA256]-----+
[   15.830229] cloud-init[964]: Generating public/private dsa key pair.
[   15.830622] cloud-init[964]: Your identification has been saved in /etc/ssh/ssh_host_dsa_key.
[   15.831034] cloud-init[964]: Your public key has been saved in /etc/ssh/ssh_host_dsa_key.pub.
[   15.831468] cloud-init[964]: The key fingerprint is:
[   15.832099] cloud-init[964]: SHA256:1q/B9vjJihGbBV8E6SOPjyhmeFR5M0pxshF/ZsmwVd0 root@ubuntu-xenial
[   15.832735] cloud-init[964]: The key's randomart image is:
[   15.833185] cloud-init[964]: +---[DSA 1024]----+
[   15.833576] cloud-init[964]: |      ... o+o. . |
[   15.833988] cloud-init[964]: |      +..=.o  . E|
[   15.834629] cloud-init[964]: |       B+.* .    |
[   15.835064] cloud-init[964]: |      = =Bo.     |
[   15.835472] cloud-init[964]: |     o oS*+.     |
[   15.835907] cloud-init[964]: |    . ...*..     |
[   15.837281] cloud-init[964]: |   o   .+o+ .    |
[   15.838337] cloud-init[964]: |  . = . .+.* .   |
[   15.839140] cloud-init[964]: |   + .  . +o=    |
[   15.839676] cloud-init[964]: +----[SHA256]-----+
[   15.840261] cloud-init[964]: Generating public/private ecdsa key pair.
[   15.841056] cloud-init[964]: Your identification has been saved in /etc/ssh/ssh_host_ecdsa_key.
[   15.841824] cloud-init[964]: Your public key has been saved in /etc/ssh/ssh_host_ecdsa_key.pub.
[   15.842627] cloud-init[964]: The key fingerprint is:
[   15.843389] cloud-init[964]: SHA256:19FYq+/WAo/GOO/Dye13GvZvz0acB57myV51K+85qE0 root@ubuntu-xenial
[   15.844215] cloud-init[964]: The key's randomart image is:
[   15.844712] cloud-init[964]: +---[ECDSA 256]---+
[   15.845427] cloud-init[964]: |              .  |
[   15.846215] cloud-init[964]: |             + . |
[   15.846773] cloud-init[964]: |            o o  |
[   15.847292] cloud-init[964]: |           . o.  |
[   15.847856] cloud-init[964]: |        S . o. ++|
[   15.849161] cloud-init[964]: |         .  ..+.B|
[   15.849704] cloud-init[964]: |           = E==o|
[   15.850217] cloud-init[964]: |          o @+@*B|
[   15.850780] cloud-init[964]: |           *+**XX|
[   15.851293] cloud-init[964]: +----[SHA256]-----+
[   15.851854] cloud-init[964]: Generating public/private ed25519 key pair.
[   15.852940] cloud-init[964]: Your identification has been saved in /etc/ssh/ssh_host_ed25519_key.
[   15.853459] cloud-init[964]: Your public key has been saved in /etc/ssh/ssh_host_ed25519_key.pub.
[   15.854260] cloud-init[964]: The key fingerprint is:
[   15.855044] cloud-init[964]: SHA256:KDqR1u0vrQXz2BVg8JREHfSXbDdut76f9cEh/iECbDM root@ubuntu-xenial
[   15.855831] cloud-init[964]: The key's randomart image is:
[   15.856919] cloud-init[964]: +--[ED25519 256]--+
[   15.857342] cloud-init[964]: |      .+*+o.     |
[   15.858095] cloud-init[964]: |       +.... . . |
[   15.858766] cloud-init[964]: |        . . . =..|
[   15.859227] cloud-init[964]: |   o . ..  . o...|
[   15.859761] cloud-init[964]: |  + o = SE.  . +.|
[   15.860573] cloud-init[964]: | . o o *..+ . + +|
[   15.861031] cloud-init[964]: |  o   o.+  . o =.|
[   15.861361] cloud-init[964]: |   .  .o.   . + *|
[   15.862046] cloud-init[964]: |      .o.      ==|
[   15.862419] cloud-init[964]: +----[SHA256]-----+
[[0;32m  OK  [0m] Started Initial cloud-init job (metadata service crawler).
[[0;32m  OK  [0m] Reached target Cloud-config availability.
[[0;32m  OK  [0m] Reached target Network is Online.
         Starting iSCSI initiator daemon (iscsid)...
[[0;32m  OK  [0m] Reached target System Initialization.
[[0;32m  OK  [0m] Started ACPI Events Check.
[[0;32m  OK  [0m] Reached target Paths.
[[0;32m  OK  [0m] Started Daily Cleanup of Temporary Directories.
[[0;32m  OK  [0m] Started Daily apt download activities.
[[0;32m  OK  [0m] Started Daily apt upgrade and clean activities.
[[0;32m  OK  [0m] Reached target Timers.
[[0;32m  OK  [0m] Listening on D-Bus System Message Bus Socket.
[[0;32m  OK  [0m] Listening on ACPID Listen Socket.
         Starting LXD - unix socket.
         Starting Socket activation for snappy daemon.
[[0;32m  OK  [0m] Listening on UUID daemon activation socket.
[[0;32m  OK  [0m] Listening on LXD - unix socket.
[[0;32m  OK  [0m] Listening on Socket activation for snappy daemon.
[[0;32m  OK  [0m] Reached target Sockets.
[[0;32m  OK  [0m] Reached target Basic System.
[[0;32m  OK  [0m] Started ACPI event daemon.
         Starting Snappy daemon...
[[0;32m  OK  [0m] Started Deferred execution scheduler.
         Starting /etc/rc.local Compatibility...
         Starting LSB: Record successful boot for GRUB...
         Starting Accounts Service...
         Starting LXD - container startup/shutdown...
         Starting Pollinate to seed the pseudo random number generator...
[[0;32m  OK  [0m] Started FUSE filesystem for LXC.
[[0;32m  OK  [0m] Started Regular background program processing daemon.
         Starting System Logging Service...
[[0;32m  OK  [0m] Started D-Bus System Message Bus.
         Starting Login Service...
         Starting LSB: MD monitoring daemon...
         Starting Virtualbox guest utils...
[[0;32m  OK  [0m] Started System Logging Service.
[[0;32m  OK  [0m] Started /etc/rc.local Compatibility.
[[0;32m  OK  [0m] Started iSCSI initiator daemon (iscsid).
         Starting Login to default iSCSI targets...
[[0;32m  OK  [0m] Started Login Service.
[[0;32m  OK  [0m] Started Unattended Upgrades Shutdown.
[[0;32m  OK  [0m] Started LSB: Record successful boot for GRUB.
[[0;32m  OK  [0m] Started LSB: MD monitoring daemon.
         Starting Authenticate and Authorize Users to Run Privileged Tasks...
[[0;32m  OK  [0m] Started Login to default iSCSI targets.
[[0;32m  OK  [0m] Reached target Remote File Systems (Pre).
[[0;32m  OK  [0m] Reached target Remote File Systems.
         Starting LSB: daemon to balance interrupts for SMP systems...
         Starting LSB: automatic crash report generation...
         Starting Permit User Sessions...
         Starting LSB: Set the CPU Frequency Scaling governor to "ondemand"...
[[0;32m  OK  [0m] Started LSB: Set the CPU Frequency Scaling governor to "ondemand".
[[0;32m  OK  [0m] Started Permit User Sessions.
         Starting Hold until boot process finishes up...
         Starting Terminate Plymouth Boot Screen...
[[0;32m  OK  [0m] Started Hold until boot process finishes up.
[[0;32m  OK  [0m] Started Terminate Plymouth Boot Screen.
[[0;32m  OK  [0m] Started Getty on tty1.
[[0;32m  OK  [0m] Started Serial Getty on ttyS0.
[[0;32m  OK  [0m] Reached target Login Prompts.
         Starting Set console scheme...
[[0;32m  OK  [0m] Started LSB: automatic crash report generation.
[[0;32m  OK  [0m] Started LSB: daemon to balance interrupts for SMP systems.
[[0;32m  OK  [0m] Started Set console scheme.
[[0;32m  OK  [0m] Started Virtualbox guest utils.
[[0;32m  OK  [0m] Started Authenticate and Authorize Users to Run Privileged Tasks.
[[0;32m  OK  [0m] Started Accounts Service.
[[0;32m  OK  [0m] Started LXD - container startup/shutdown.
[[0;32m  OK  [0m] Started Snappy daemon.
         Starting Wait until snapd is fully seeded...
[[0;32m  OK  [0m] Started Pollinate to seed the pseudo random number generator.
         Starting OpenBSD Secure Shell server...
[[0;32m  OK  [0m] Started OpenBSD Secure Shell server.
[[0;32m  OK  [0m] Created slice User Slice of vagrant.
         Starting User Manager for UID 1000...
[[0;32m  OK  [0m] Started Session 1 of user vagrant.
[[0;32m  OK  [0m] Started User Manager for UID 1000.

Ubuntu 16.04.6 LTS ubuntu-xenial ttyS0

ubuntu-xenial login: [   29.590376] cloud-init[1652]: Generating locales (this might take a while)...
[   31.912397] cloud-init[1652]:   en_US.UTF-8... done
[   31.913338] cloud-init[1652]: Generation complete.
[   32.669818] cloud-init[1652]: Cloud-init v. 19.2-36-g059d049c-0ubuntu2~16.04.1 running 'modules:config' at Mon, 14 Oct 2019 08:52:13 +0000. Up 29.30 seconds.
ci-info: no authorized ssh keys fingerprints found for user ubuntu.
<14>Oct 14 08:52:17 ec2: 
<14>Oct 14 08:52:17 ec2: #############################################################
<14>Oct 14 08:52:17 ec2: -----BEGIN SSH HOST KEY FINGERPRINTS-----
<14>Oct 14 08:52:17 ec2: 1024 SHA256:1q/B9vjJihGbBV8E6SOPjyhmeFR5M0pxshF/ZsmwVd0 root@ubuntu-xenial (DSA)
<14>Oct 14 08:52:17 ec2: 256 SHA256:19FYq+/WAo/GOO/Dye13GvZvz0acB57myV51K+85qE0 root@ubuntu-xenial (ECDSA)
<14>Oct 14 08:52:17 ec2: 256 SHA256:KDqR1u0vrQXz2BVg8JREHfSXbDdut76f9cEh/iECbDM root@ubuntu-xenial (ED25519)
<14>Oct 14 08:52:17 ec2: 2048 SHA256:znb5i3pEAVvrU9P8x7/rQPVSmxY2XF41jHYFiYykh+g root@ubuntu-xenial (RSA)
<14>Oct 14 08:52:17 ec2: -----END SSH HOST KEY FINGERPRINTS-----
<14>Oct 14 08:52:17 ec2: #############################################################
-----BEGIN SSH HOST KEY KEYS-----
ecdsa-sha2-nistp256 AAAAE2VjZHNhLXNoYTItbmlzdHAyNTYAAAAIbmlzdHAyNTYAAABBBHmOanVDOT85X3dDi8wae+V857rnwXAjIY5L+Vg3UPOF04uMdE2oQVR1u/2E3tDVzxnRlHTUZDOodJj0Z74jW5g= root@ubuntu-xenial
ssh-ed25519 AAAAC3NzaC1lZDI1NTE5AAAAIBce637VTvf+DXDKGaLyb4p8YoKKhVOp2PraUpcvBYQp root@ubuntu-xenial
ssh-rsa AAAAB3NzaC1yc2EAAAADAQABAAABAQCp738qlJx2gQepOuaMwe29ZycrRO5RDZj2gItwryjVGKM8dLwXIWHCB+nF8iUtcJ13zFVF4+coVxtyOFZhgJJgFZfGwK+dd19SiX8l7U2HFqHQXeULYYWntVW+WujZhcMrFkgGz09f8yF7BZikxdFIjS+IkqmO8w/9knMfzhix3rNoTiKjuGBLnoJ42vb72Sg6lZ7xvRHDZMk6Ab8TkXyP75+2uBcr6yz4STZVsjrVRQsOkLvAKyf+eh9kUv/sieHP9mu9AvDWMJh4FmnHh0vdlkKu1NCi7/Wku2uBH6H0xEMlUWX5QjDy1DlOAi5N6Gp4eML2cMuJ9Yloy/TG36JB root@ubuntu-xenial
-----END SSH HOST KEY KEYS-----
[   33.485369] cloud-init[2011]: Cloud-init v. 19.2-36-g059d049c-0ubuntu2~16.04.1 running 'modules:final' at Mon, 14 Oct 2019 08:52:17 +0000. Up 33.23 seconds.
[   33.487412] cloud-init[2011]: ci-info: no authorized ssh keys fingerprints found for user ubuntu.
[   33.488876] cloud-init[2011]: Cloud-init v. 19.2-36-g059d049c-0ubuntu2~16.04.1 finished at Mon, 14 Oct 2019 08:52:17 +0000. Datasource DataSourceNoCloud [seed=/dev/sdb][dsmode=net].  Up 33.47 seconds
